[debug] [2022-03-19T19:40:22.569Z] ----------------------------------------------------------------------
[debug] [2022-03-19T19:40:22.571Z] Command:       /usr/local/bin/node /usr/local/bin/firebase emulators:start
[debug] [2022-03-19T19:40:22.572Z] CLI Version:   10.4.0
[debug] [2022-03-19T19:40:22.572Z] Platform:      linux
[debug] [2022-03-19T19:40:22.572Z] Node Version:  v17.6.0
[debug] [2022-03-19T19:40:22.573Z] Time:          Sat Mar 19 2022 20:40:22 GMT+0100 (heure normale d’Europe centrale)
[debug] [2022-03-19T19:40:22.573Z] ----------------------------------------------------------------------
[debug] 
[debug] [2022-03-19T19:40:22.667Z] > command requires scopes: ["email","openid","https://www.googleapis.com/auth/cloudplatformprojects.readonly","https://www.googleapis.com/auth/firebase","https://www.googleapis.com/auth/cloud-platform"]
[debug] [2022-03-19T19:40:22.667Z] > authorizing via signed-in user (abdbsalem@gmail.com)
[info] i  emulators: Starting emulators: functions, hosting {"metadata":{"emulator":{"name":"hub"},"message":"Starting emulators: functions, hosting"}}
[warn] ⚠  emulators: It seems that you are running multiple instances of the emulator suite for project challenge-bdc8f. This may result in unexpected behavior. 
[debug] [2022-03-19T19:40:22.880Z] [hub] writing locator at /tmp/hub-challenge-bdc8f.json
[warn] ⚠  functions: The following emulators are not running, calls to these services from the Functions emulator will affect production: auth, firestore, database, pubsub, storage {"metadata":{"emulator":{"name":"functions"},"message":"The following emulators are not running, calls to these services from the Functions emulator will affect production: \u001b[1mauth, firestore, database, pubsub, storage\u001b[22m"}}
[warn] ⚠  Your requested "node" version "16" doesn't match your global version "17". Using node@17 from host. {"metadata":{"emulator":{"name":"functions"},"message":"Your requested \"node\" version \"16\" doesn't match your global version \"17\". Using node@17 from host."}}
[debug] [2022-03-19T19:40:22.938Z] defaultcredentials: writing to file /home/mohamed/.config/firebase/abdbsalem_gmail_com_application_default_credentials.json
[debug] [2022-03-19T19:40:22.940Z] Setting GAC to /home/mohamed/.config/firebase/abdbsalem_gmail_com_application_default_credentials.json {"metadata":{"emulator":{"name":"functions"},"message":"Setting GAC to /home/mohamed/.config/firebase/abdbsalem_gmail_com_application_default_credentials.json"}}
[debug] [2022-03-19T19:40:22.946Z] >>> [apiv2][query] GET https://firebase.googleapis.com/v1beta1/projects/challenge-bdc8f/adminSdkConfig [none]
[debug] [2022-03-19T19:40:23.440Z] <<< [apiv2][status] GET https://firebase.googleapis.com/v1beta1/projects/challenge-bdc8f/adminSdkConfig 200
[debug] [2022-03-19T19:40:23.440Z] <<< [apiv2][body] GET https://firebase.googleapis.com/v1beta1/projects/challenge-bdc8f/adminSdkConfig {"projectId":"challenge-bdc8f","storageBucket":"challenge-bdc8f.appspot.com"}
[debug] [2022-03-19T19:40:23.466Z] >>> [apiv2][query] GET https://firebasehosting.googleapis.com/v1beta1/projects/challenge-bdc8f/sites 
[debug] [2022-03-19T19:40:24.662Z] <<< [apiv2][status] GET https://firebasehosting.googleapis.com/v1beta1/projects/challenge-bdc8f/sites 200
[debug] [2022-03-19T19:40:24.662Z] <<< [apiv2][body] GET https://firebasehosting.googleapis.com/v1beta1/projects/challenge-bdc8f/sites {"sites":[{"name":"projects/1053325341570/sites/challenge-bdc8f","defaultUrl":"https://challenge-bdc8f.web.app","appId":"1:1053325341570:web:e96341e271f638b231959b","type":"DEFAULT_SITE"}]}
[debug] [2022-03-19T19:40:24.663Z] >>> [apiv2][query] GET https://firebase.googleapis.com/v1beta1/projects/challenge-bdc8f/webApps/1:1053325341570:web:e96341e271f638b231959b/config [none]
[debug] [2022-03-19T19:40:25.684Z] <<< [apiv2][status] GET https://firebase.googleapis.com/v1beta1/projects/challenge-bdc8f/webApps/1:1053325341570:web:e96341e271f638b231959b/config 200
[debug] [2022-03-19T19:40:25.684Z] <<< [apiv2][body] GET https://firebase.googleapis.com/v1beta1/projects/challenge-bdc8f/webApps/1:1053325341570:web:e96341e271f638b231959b/config {"projectId":"challenge-bdc8f","appId":"1:1053325341570:web:e96341e271f638b231959b","storageBucket":"challenge-bdc8f.appspot.com","apiKey":"AIzaSyDu5BsLZi5cveul3Z3qFPaOyqUxCjFrobc","authDomain":"challenge-bdc8f.firebaseapp.com","messagingSenderId":"1053325341570","measurementId":"G-BVR9G799WM"}
[info] i  hosting: Serving hosting files from: build {"metadata":{"emulator":{"name":"hosting"},"message":"Serving hosting files from: \u001b[1mbuild\u001b[22m"}}
[info] ✔  hosting: Local server: http://localhost:5000 {"metadata":{"emulator":{"name":"hosting"},"message":"Local server: \u001b[4m\u001b[1mhttp://localhost:5000\u001b[22m\u001b[24m"}}
[debug] [2022-03-19T19:40:25.735Z] Ignoring unsupported arg: auto_download {"metadata":{"emulator":{"name":"ui"},"message":"Ignoring unsupported arg: auto_download"}}
[debug] [2022-03-19T19:40:25.735Z] Ignoring unsupported arg: port {"metadata":{"emulator":{"name":"ui"},"message":"Ignoring unsupported arg: port"}}
[debug] [2022-03-19T19:40:25.736Z] Starting Emulator UI with command {"binary":"node","args":["/home/mohamed/.cache/firebase/emulators/ui-v1.6.5/server.bundle.js"],"optionalArgs":[],"joinArgs":false} {"metadata":{"emulator":{"name":"ui"},"message":"Starting Emulator UI with command {\"binary\":\"node\",\"args\":[\"/home/mohamed/.cache/firebase/emulators/ui-v1.6.5/server.bundle.js\"],\"optionalArgs\":[],\"joinArgs\":false}"}}
[info] i  ui: Emulator UI logging to ui-debug.log {"metadata":{"emulator":{"name":"ui"},"message":"Emulator UI logging to \u001b[1mui-debug.log\u001b[22m"}}
[debug] [2022-03-19T19:40:25.907Z] Web / API server started at localhost:4000
 {"metadata":{"emulator":{"name":"ui"},"message":"Web / API server started at localhost:4000\n"}}
[info] i  functions: Watching "/home/mohamed/Portail/Amazon-Clone/functions" for Cloud Functions... {"metadata":{"emulator":{"name":"functions"},"message":"Watching \"/home/mohamed/Portail/Amazon-Clone/functions\" for Cloud Functions..."}}
[debug] [2022-03-19T19:40:26.022Z] Validating nodejs source
[debug] [2022-03-19T19:40:28.061Z] > [functions] package.json contents: {
  "name": "functions",
  "description": "Cloud Functions for Firebase",
  "scripts": {
    "lint": "eslint .",
    "serve": "firebase emulators:start --only functions",
    "shell": "firebase functions:shell",
    "start": "npm run shell",
    "deploy": "firebase deploy --only functions",
    "logs": "firebase functions:log"
  },
  "engines": {
    "node": "16"
  },
  "main": "index.js",
  "dependencies": {
    "express": "^4.17.3",
    "firebase-admin": "^10.0.2",
    "firebase-functions": "^3.18.0",
    "stripe": "^8.210.0"
  },
  "devDependencies": {
    "eslint": "^8.9.0",
    "eslint-config-google": "^0.14.0",
    "firebase-functions-test": "^0.2.0"
  },
  "private": true
}
[debug] [2022-03-19T19:40:28.062Z] Building nodejs source
[debug] [2022-03-19T19:40:28.062Z] Analyzing nodejs backend spec
[info] ✔  functions[us-central1-api]: http function initialized (http://localhost:5001/challenge-bdc8f/us-central1/api). {"metadata":{"emulator":{"name":"functions"},"message":"\u001b[1mhttp\u001b[22m function initialized (http://localhost:5001/challenge-bdc8f/us-central1/api)."}}
[info] 
┌─────────────────────────────────────────────────────────────┐
│ ✔  All emulators ready! It is now safe to connect your app. │
│ i  View Emulator UI at http://localhost:4000                │
└─────────────────────────────────────────────────────────────┘

┌───────────┬────────────────┬─────────────────────────────────┐
│ Emulator  │ Host:Port      │ View in Emulator UI             │
├───────────┼────────────────┼─────────────────────────────────┤
│ Functions │ localhost:5001 │ http://localhost:4000/functions │
├───────────┼────────────────┼─────────────────────────────────┤
│ Hosting   │ localhost:5000 │ n/a                             │
└───────────┴────────────────┴─────────────────────────────────┘
  Emulator Hub running at localhost:4400
  Other reserved ports: 4500

Issues? Report them at https://github.com/firebase/firebase-tools/issues and attach the *-debug.log files.
 
[info] i  hosting: 127.0.0.1 - - [19/Mar/2022:19:42:05 +0000] "GET /payment HTTP/1.1" 404 146 "-" "Mozilla/5.0 (X11; Ubuntu; Linux x86_64; rv:98.0) Gecko/20100101 Firefox/98.0" {"metadata":{"emulator":{"name":"hosting"},"message":"127.0.0.1 - - [19/Mar/2022:19:42:05 +0000] \"GET /payment HTTP/1.1\" 404 146 \"-\" \"Mozilla/5.0 (X11; Ubuntu; Linux x86_64; rv:98.0) Gecko/20100101 Firefox/98.0\""}}
[info] i  hosting: 127.0.0.1 - - [19/Mar/2022:19:42:17 +0000] "GET / HTTP/1.1" 404 139 "-" "Mozilla/5.0 (X11; Ubuntu; Linux x86_64; rv:98.0) Gecko/20100101 Firefox/98.0" {"metadata":{"emulator":{"name":"hosting"},"message":"127.0.0.1 - - [19/Mar/2022:19:42:17 +0000] \"GET / HTTP/1.1\" 404 139 \"-\" \"Mozilla/5.0 (X11; Ubuntu; Linux x86_64; rv:98.0) Gecko/20100101 Firefox/98.0\""}}
[info] i  hosting: 127.0.0.1 - - [19/Mar/2022:19:44:03 +0000] "GET / HTTP/1.1" 200 644 "-" "Mozilla/5.0 (X11; Ubuntu; Linux x86_64; rv:98.0) Gecko/20100101 Firefox/98.0" {"metadata":{"emulator":{"name":"hosting"},"message":"127.0.0.1 - - [19/Mar/2022:19:44:03 +0000] \"GET / HTTP/1.1\" 200 644 \"-\" \"Mozilla/5.0 (X11; Ubuntu; Linux x86_64; rv:98.0) Gecko/20100101 Firefox/98.0\""}}
[info] i  hosting: 127.0.0.1 - - [19/Mar/2022:19:44:03 +0000] "GET /static/css/main.8657b715.css HTTP/1.1" 200 4237 "http://localhost:5000/" "Mozilla/5.0 (X11; Ubuntu; Linux x86_64; rv:98.0) Gecko/20100101 Firefox/98.0" {"metadata":{"emulator":{"name":"hosting"},"message":"127.0.0.1 - - [19/Mar/2022:19:44:03 +0000] \"GET /static/css/main.8657b715.css HTTP/1.1\" 200 4237 \"http://localhost:5000/\" \"Mozilla/5.0 (X11; Ubuntu; Linux x86_64; rv:98.0) Gecko/20100101 Firefox/98.0\""}}
[info] i  hosting: 127.0.0.1 - - [19/Mar/2022:19:44:03 +0000] "GET /static/js/main.5b317c72.js HTTP/1.1" 200 878948 "http://localhost:5000/" "Mozilla/5.0 (X11; Ubuntu; Linux x86_64; rv:98.0) Gecko/20100101 Firefox/98.0" {"metadata":{"emulator":{"name":"hosting"},"message":"127.0.0.1 - - [19/Mar/2022:19:44:03 +0000] \"GET /static/js/main.5b317c72.js HTTP/1.1\" 200 878948 \"http://localhost:5000/\" \"Mozilla/5.0 (X11; Ubuntu; Linux x86_64; rv:98.0) Gecko/20100101 Firefox/98.0\""}}
[info] i  hosting: 127.0.0.1 - - [19/Mar/2022:19:44:04 +0000] "GET /logo192.png HTTP/1.1" - - "http://localhost:5000/" "Mozilla/5.0 (X11; Ubuntu; Linux x86_64; rv:98.0) Gecko/20100101 Firefox/98.0" {"metadata":{"emulator":{"name":"hosting"},"message":"127.0.0.1 - - [19/Mar/2022:19:44:04 +0000] \"GET /logo192.png HTTP/1.1\" - - \"http://localhost:5000/\" \"Mozilla/5.0 (X11; Ubuntu; Linux x86_64; rv:98.0) Gecko/20100101 Firefox/98.0\""}}
[info] i  hosting: 127.0.0.1 - - [19/Mar/2022:19:44:04 +0000] "GET /favicon.ico HTTP/1.1" - - "http://localhost:5000/" "Mozilla/5.0 (X11; Ubuntu; Linux x86_64; rv:98.0) Gecko/20100101 Firefox/98.0" {"metadata":{"emulator":{"name":"hosting"},"message":"127.0.0.1 - - [19/Mar/2022:19:44:04 +0000] \"GET /favicon.ico HTTP/1.1\" - - \"http://localhost:5000/\" \"Mozilla/5.0 (X11; Ubuntu; Linux x86_64; rv:98.0) Gecko/20100101 Firefox/98.0\""}}
[debug] [2022-03-19T19:50:06.690Z] Functions emulator received unknown request at path /clone-103b0/us-central1/api/payments/create
[debug] [2022-03-19T20:11:25.324Z] [work-queue] {"queueLength":1,"workRunningCount":0}
[debug] [2022-03-19T20:11:25.324Z] [work-queue] {"queueLength":0,"workRunningCount":1}
[debug] [2022-03-19T20:11:25.324Z] Accepted request POST /challenge-bdc8f/us-central1/api/payments/create?total=71700 --> us-central1-api
[debug] [2022-03-19T20:11:25.334Z] [worker-pool] addWorker(us-central1-api) {"metadata":{"emulator":{"name":"functions"},"message":"[worker-pool] addWorker(us-central1-api)"}}
[debug] [2022-03-19T20:11:25.334Z] [worker-pool] Adding worker with key us-central1-api, total=1 {"metadata":{"emulator":{"name":"functions"},"message":"[worker-pool] Adding worker with key us-central1-api, total=1"}}
[debug] [2022-03-19T20:11:25.334Z] [worker-pool] submitWork(triggerId=us-central1-api) {"metadata":{"emulator":{"name":"functions"},"message":"[worker-pool] submitWork(triggerId=us-central1-api)"}}
[debug] [2022-03-19T20:11:25.335Z] [worker-us-central1-api-cf40f6a2-1355-4078-aff9-08ce45880028]: Assigning socketPath: /tmp/fire_emu_12397.sock {"metadata":{"emulator":{"name":"functions"},"message":"[worker-us-central1-api-cf40f6a2-1355-4078-aff9-08ce45880028]: Assigning socketPath: /tmp/fire_emu_12397.sock"}}
[debug] [2022-03-19T20:11:25.335Z] [worker-us-central1-api-cf40f6a2-1355-4078-aff9-08ce45880028]: BUSY {"metadata":{"emulator":{"name":"functions"},"message":"[worker-us-central1-api-cf40f6a2-1355-4078-aff9-08ce45880028]: BUSY"}}
[debug] [2022-03-19T20:11:25.886Z] [runtime-status] [12397] Functions runtime initialized. {"cwd":"/home/mohamed/Portail/Amazon-Clone/functions","node_version":"17.6.0"} {"metadata":{"emulator":{"name":"functions"},"function":{"name":"us-central1-api"},"extension":{},"message":"[runtime-status] [12397] Functions runtime initialized. {\"cwd\":\"/home/mohamed/Portail/Amazon-Clone/functions\",\"node_version\":\"17.6.0\"}"}}
[debug] [2022-03-19T20:11:25.887Z] [runtime-status] [12397] Disabled runtime features: undefined {"metadata":{"emulator":{"name":"functions"},"function":{"name":"us-central1-api"},"extension":{},"message":"[runtime-status] [12397] Disabled runtime features: undefined"}}
[debug] [2022-03-19T20:11:25.888Z] [runtime-status] [12397] Resolved module firebase-admin {"declared":true,"installed":true,"version":"10.0.2","resolution":"/home/mohamed/Portail/Amazon-Clone/functions/node_modules/firebase-admin/lib/index.js"} {"metadata":{"emulator":{"name":"functions"},"function":{"name":"us-central1-api"},"extension":{},"message":"[runtime-status] [12397] Resolved module firebase-admin {\"declared\":true,\"installed\":true,\"version\":\"10.0.2\",\"resolution\":\"/home/mohamed/Portail/Amazon-Clone/functions/node_modules/firebase-admin/lib/index.js\"}"}}
[debug] [2022-03-19T20:11:25.889Z] [runtime-status] [12397] Resolved module firebase-functions {"declared":true,"installed":true,"version":"3.19.0","resolution":"/home/mohamed/Portail/Amazon-Clone/functions/node_modules/firebase-functions/lib/index.js"} {"metadata":{"emulator":{"name":"functions"},"function":{"name":"us-central1-api"},"extension":{},"message":"[runtime-status] [12397] Resolved module firebase-functions {\"declared\":true,\"installed\":true,\"version\":\"3.19.0\",\"resolution\":\"/home/mohamed/Portail/Amazon-Clone/functions/node_modules/firebase-functions/lib/index.js\"}"}}
[debug] [2022-03-19T20:11:25.890Z] [runtime-status] [12397] Outgoing network have been stubbed. [{"name":"http","status":"mocked"},{"name":"http","status":"mocked"},{"name":"https","status":"mocked"},{"name":"https","status":"mocked"},{"name":"net","status":"mocked"}] {"metadata":{"emulator":{"name":"functions"},"function":{"name":"us-central1-api"},"extension":{},"message":"[runtime-status] [12397] Outgoing network have been stubbed. [{\"name\":\"http\",\"status\":\"mocked\"},{\"name\":\"http\",\"status\":\"mocked\"},{\"name\":\"https\",\"status\":\"mocked\"},{\"name\":\"https\",\"status\":\"mocked\"},{\"name\":\"net\",\"status\":\"mocked\"}]"}}
[debug] [2022-03-19T20:11:25.890Z] [runtime-status] [12397] Resolved module firebase-functions {"declared":true,"installed":true,"version":"3.19.0","resolution":"/home/mohamed/Portail/Amazon-Clone/functions/node_modules/firebase-functions/lib/index.js"} {"metadata":{"emulator":{"name":"functions"},"function":{"name":"us-central1-api"},"extension":{},"message":"[runtime-status] [12397] Resolved module firebase-functions {\"declared\":true,\"installed\":true,\"version\":\"3.19.0\",\"resolution\":\"/home/mohamed/Portail/Amazon-Clone/functions/node_modules/firebase-functions/lib/index.js\"}"}}
[debug] [2022-03-19T20:11:25.911Z] [runtime-status] [12397] Checked functions.config() {"config":{}} {"metadata":{"emulator":{"name":"functions"},"function":{"name":"us-central1-api"},"extension":{},"message":"[runtime-status] [12397] Checked functions.config() {\"config\":{}}"}}
[debug] [2022-03-19T20:11:25.911Z] [runtime-status] [12397] firebase-functions has been stubbed. {"functionsResolution":{"declared":true,"installed":true,"version":"3.19.0","resolution":"/home/mohamed/Portail/Amazon-Clone/functions/node_modules/firebase-functions/lib/index.js"}} {"metadata":{"emulator":{"name":"functions"},"function":{"name":"us-central1-api"},"extension":{},"message":"[runtime-status] [12397] firebase-functions has been stubbed. {\"functionsResolution\":{\"declared\":true,\"installed\":true,\"version\":\"3.19.0\",\"resolution\":\"/home/mohamed/Portail/Amazon-Clone/functions/node_modules/firebase-functions/lib/index.js\"}}"}}
[debug] [2022-03-19T20:11:25.912Z] [runtime-status] [12397] Resolved module firebase-functions {"declared":true,"installed":true,"version":"3.19.0","resolution":"/home/mohamed/Portail/Amazon-Clone/functions/node_modules/firebase-functions/lib/index.js"} {"metadata":{"emulator":{"name":"functions"},"function":{"name":"us-central1-api"},"extension":{},"message":"[runtime-status] [12397] Resolved module firebase-functions {\"declared\":true,\"installed\":true,\"version\":\"3.19.0\",\"resolution\":\"/home/mohamed/Portail/Amazon-Clone/functions/node_modules/firebase-functions/lib/index.js\"}"}}
[debug] [2022-03-19T20:11:25.913Z] [runtime-status] [12397] Resolved module firebase-admin {"declared":true,"installed":true,"version":"10.0.2","resolution":"/home/mohamed/Portail/Amazon-Clone/functions/node_modules/firebase-admin/lib/index.js"} {"metadata":{"emulator":{"name":"functions"},"function":{"name":"us-central1-api"},"extension":{},"message":"[runtime-status] [12397] Resolved module firebase-admin {\"declared\":true,\"installed\":true,\"version\":\"10.0.2\",\"resolution\":\"/home/mohamed/Portail/Amazon-Clone/functions/node_modules/firebase-admin/lib/index.js\"}"}}
[debug] [2022-03-19T20:11:25.913Z] [runtime-status] [12397] Resolved module firebase-functions {"declared":true,"installed":true,"version":"3.19.0","resolution":"/home/mohamed/Portail/Amazon-Clone/functions/node_modules/firebase-functions/lib/index.js"} {"metadata":{"emulator":{"name":"functions"},"function":{"name":"us-central1-api"},"extension":{},"message":"[runtime-status] [12397] Resolved module firebase-functions {\"declared\":true,\"installed\":true,\"version\":\"3.19.0\",\"resolution\":\"/home/mohamed/Portail/Amazon-Clone/functions/node_modules/firebase-functions/lib/index.js\"}"}}
[debug] [2022-03-19T20:11:25.913Z] [runtime-status] [12397] firebase-admin has been stubbed. {"adminResolution":{"declared":true,"installed":true,"version":"10.0.2","resolution":"/home/mohamed/Portail/Amazon-Clone/functions/node_modules/firebase-admin/lib/index.js"}} {"metadata":{"emulator":{"name":"functions"},"function":{"name":"us-central1-api"},"extension":{},"message":"[runtime-status] [12397] firebase-admin has been stubbed. {\"adminResolution\":{\"declared\":true,\"installed\":true,\"version\":\"10.0.2\",\"resolution\":\"/home/mohamed/Portail/Amazon-Clone/functions/node_modules/firebase-admin/lib/index.js\"}}"}}
[debug] [2022-03-19T20:11:25.961Z] [runtime-status] [12397] Beginning invocation function api! {"metadata":{"emulator":{"name":"functions"},"function":{"name":"us-central1-api"},"extension":{},"message":"[runtime-status] [12397] Beginning invocation function api!"}}
[info] i  functions: Beginning execution of "api" {"metadata":{"emulator":{"name":"functions"},"function":{"name":"us-central1-api"},"extension":{},"message":"Beginning execution of \"api\""}}
[debug] [2022-03-19T20:11:25.961Z] [runtime-status] [12397] Running api in signature http {"metadata":{"emulator":{"name":"functions"},"function":{"name":"us-central1-api"},"extension":{},"message":"[runtime-status] [12397] Running api in signature http"}}
[debug] [2022-03-19T20:11:25.963Z] [runtime-status] [12397] Attempting to listen to socketPath: /tmp/fire_emu_12397.sock {"metadata":{"emulator":{"name":"functions"},"function":{"name":"us-central1-api"},"extension":{},"message":"[runtime-status] [12397] Attempting to listen to socketPath: /tmp/fire_emu_12397.sock"}}
[debug] [2022-03-19T20:11:25.969Z] [functions] Runtime ready! Sending request! {"metadata":{"emulator":{"name":"functions"},"message":"[functions] Runtime ready! Sending request!"}}
[debug] [2022-03-19T20:11:25.970Z] [functions] Got req.url=/challenge-bdc8f/us-central1/api/payments/create?total=71700, mapping to path=/payments/create?total=71700 {"metadata":{"emulator":{"name":"functions"},"message":"[functions] Got req.url=/challenge-bdc8f/us-central1/api/payments/create?total=71700, mapping to path=/payments/create?total=71700"}}
[debug] [2022-03-19T20:11:25.974Z] [runtime-status] [12397] Ephemeral server handling POST request {"metadata":{"emulator":{"name":"functions"},"function":{"name":"us-central1-api"},"extension":{},"message":"[runtime-status] [12397] Ephemeral server handling POST request"}}
[info] >  payment Request Recived BOOM!! for this amount >>>>  71700 {"user":"payment Request Recived BOOM!! for this amount >>>>  71700","metadata":{"emulator":{"name":"functions"},"function":{"name":"us-central1-api"},"extension":{},"message":"\u001b[90m> \u001b[39m payment Request Recived BOOM!! for this amount >>>>  71700"}}
[debug] [2022-03-19T20:11:25.983Z] [runtime-status] [12397] Ephemeral server survived. {"metadata":{"emulator":{"name":"functions"},"function":{"name":"us-central1-api"},"extension":{},"message":"[runtime-status] [12397] Ephemeral server survived."}}
[info] >  SEC >>>>>  pi_3Kf8cUIlPEqhutrS2KxvuhLW_secret_qPoTe5IbjNuIUPNA2Vo7VKzzy {"user":"SEC >>>>>  pi_3Kf8cUIlPEqhutrS2KxvuhLW_secret_qPoTe5IbjNuIUPNA2Vo7VKzzy","metadata":{"emulator":{"name":"functions"},"function":{"name":"us-central1-api"},"extension":{},"message":"\u001b[90m> \u001b[39m SEC >>>>>  pi_3Kf8cUIlPEqhutrS2KxvuhLW_secret_qPoTe5IbjNuIUPNA2Vo7VKzzy"}}
[info] i  functions: Finished "api" in ~1s {"metadata":{"emulator":{"name":"functions"},"function":{"name":"us-central1-api"},"extension":{},"message":"Finished \"api\" in ~1s"}}
[debug] [2022-03-19T20:11:26.821Z] [worker-us-central1-api-cf40f6a2-1355-4078-aff9-08ce45880028]: IDLE {"metadata":{"emulator":{"name":"functions"},"message":"[worker-us-central1-api-cf40f6a2-1355-4078-aff9-08ce45880028]: IDLE"}}
[debug] [2022-03-19T20:11:26.822Z] [work-queue] {"queueLength":0,"workRunningCount":0}
[debug] [2022-03-19T20:16:22.218Z] [work-queue] {"queueLength":1,"workRunningCount":0}
[debug] [2022-03-19T20:16:22.218Z] [work-queue] {"queueLength":0,"workRunningCount":1}
[debug] [2022-03-19T20:16:22.218Z] Accepted request GET /challenge-bdc8f/us-central1/api --> us-central1-api
[debug] [2022-03-19T20:16:22.218Z] [worker-pool] submitWork(triggerId=us-central1-api) {"metadata":{"emulator":{"name":"functions"},"message":"[worker-pool] submitWork(triggerId=us-central1-api)"}}
[debug] [2022-03-19T20:16:22.218Z] [worker-us-central1-api-cf40f6a2-1355-4078-aff9-08ce45880028]: Assigning socketPath: /tmp/fire_emu_12397.sock {"metadata":{"emulator":{"name":"functions"},"message":"[worker-us-central1-api-cf40f6a2-1355-4078-aff9-08ce45880028]: Assigning socketPath: /tmp/fire_emu_12397.sock"}}
[debug] [2022-03-19T20:16:22.218Z] [worker-us-central1-api-cf40f6a2-1355-4078-aff9-08ce45880028]: BUSY {"metadata":{"emulator":{"name":"functions"},"message":"[worker-us-central1-api-cf40f6a2-1355-4078-aff9-08ce45880028]: BUSY"}}
[debug] [2022-03-19T20:16:22.219Z] [runtime-status] [12397] Beginning invocation function api! {"metadata":{"emulator":{"name":"functions"},"function":{"name":"us-central1-api"},"extension":{},"message":"[runtime-status] [12397] Beginning invocation function api!"}}
[info] i  functions: Beginning execution of "api" {"metadata":{"emulator":{"name":"functions"},"function":{"name":"us-central1-api"},"extension":{},"message":"Beginning execution of \"api\""}}
[debug] [2022-03-19T20:16:22.220Z] [runtime-status] [12397] Running api in signature http {"metadata":{"emulator":{"name":"functions"},"function":{"name":"us-central1-api"},"extension":{},"message":"[runtime-status] [12397] Running api in signature http"}}
[debug] [2022-03-19T20:16:22.221Z] [runtime-status] [12397] Attempting to listen to socketPath: /tmp/fire_emu_12397.sock {"metadata":{"emulator":{"name":"functions"},"function":{"name":"us-central1-api"},"extension":{},"message":"[runtime-status] [12397] Attempting to listen to socketPath: /tmp/fire_emu_12397.sock"}}
[debug] [2022-03-19T20:16:22.226Z] [functions] Runtime ready! Sending request! {"metadata":{"emulator":{"name":"functions"},"message":"[functions] Runtime ready! Sending request!"}}
[debug] [2022-03-19T20:16:22.226Z] [functions] Got req.url=/challenge-bdc8f/us-central1/api, mapping to path=/ {"metadata":{"emulator":{"name":"functions"},"message":"[functions] Got req.url=/challenge-bdc8f/us-central1/api, mapping to path=/"}}
[debug] [2022-03-19T20:16:22.228Z] [runtime-status] [12397] Ephemeral server handling GET request {"metadata":{"emulator":{"name":"functions"},"function":{"name":"us-central1-api"},"extension":{},"message":"[runtime-status] [12397] Ephemeral server handling GET request"}}
[debug] [2022-03-19T20:16:22.229Z] [runtime-status] [12397] Ephemeral server survived. {"metadata":{"emulator":{"name":"functions"},"function":{"name":"us-central1-api"},"extension":{},"message":"[runtime-status] [12397] Ephemeral server survived."}}
[info] i  functions: Finished "api" in ~1s {"metadata":{"emulator":{"name":"functions"},"function":{"name":"us-central1-api"},"extension":{},"message":"Finished \"api\" in ~1s"}}
[debug] [2022-03-19T20:16:22.230Z] [worker-us-central1-api-cf40f6a2-1355-4078-aff9-08ce45880028]: IDLE {"metadata":{"emulator":{"name":"functions"},"message":"[worker-us-central1-api-cf40f6a2-1355-4078-aff9-08ce45880028]: IDLE"}}
[debug] [2022-03-19T20:16:22.230Z] [work-queue] {"queueLength":0,"workRunningCount":0}
[debug] [2022-03-19T20:20:19.585Z] [work-queue] {"queueLength":1,"workRunningCount":0}
[debug] [2022-03-19T20:20:19.585Z] [work-queue] {"queueLength":0,"workRunningCount":1}
[debug] [2022-03-19T20:20:19.585Z] Accepted request POST /challenge-bdc8f/us-central1/api/payments/create?total=0 --> us-central1-api
[debug] [2022-03-19T20:20:19.585Z] [worker-pool] submitWork(triggerId=us-central1-api) {"metadata":{"emulator":{"name":"functions"},"message":"[worker-pool] submitWork(triggerId=us-central1-api)"}}
[debug] [2022-03-19T20:20:19.585Z] [worker-us-central1-api-cf40f6a2-1355-4078-aff9-08ce45880028]: Assigning socketPath: /tmp/fire_emu_12397.sock {"metadata":{"emulator":{"name":"functions"},"message":"[worker-us-central1-api-cf40f6a2-1355-4078-aff9-08ce45880028]: Assigning socketPath: /tmp/fire_emu_12397.sock"}}
[debug] [2022-03-19T20:20:19.585Z] [worker-us-central1-api-cf40f6a2-1355-4078-aff9-08ce45880028]: BUSY {"metadata":{"emulator":{"name":"functions"},"message":"[worker-us-central1-api-cf40f6a2-1355-4078-aff9-08ce45880028]: BUSY"}}
[debug] [2022-03-19T20:20:19.586Z] [runtime-status] [12397] Beginning invocation function api! {"metadata":{"emulator":{"name":"functions"},"function":{"name":"us-central1-api"},"extension":{},"message":"[runtime-status] [12397] Beginning invocation function api!"}}
[info] i  functions: Beginning execution of "api" {"metadata":{"emulator":{"name":"functions"},"function":{"name":"us-central1-api"},"extension":{},"message":"Beginning execution of \"api\""}}
[debug] [2022-03-19T20:20:19.587Z] [runtime-status] [12397] Running api in signature http {"metadata":{"emulator":{"name":"functions"},"function":{"name":"us-central1-api"},"extension":{},"message":"[runtime-status] [12397] Running api in signature http"}}
[debug] [2022-03-19T20:20:19.587Z] [runtime-status] [12397] Attempting to listen to socketPath: /tmp/fire_emu_12397.sock {"metadata":{"emulator":{"name":"functions"},"function":{"name":"us-central1-api"},"extension":{},"message":"[runtime-status] [12397] Attempting to listen to socketPath: /tmp/fire_emu_12397.sock"}}
[debug] [2022-03-19T20:20:19.590Z] [functions] Runtime ready! Sending request! {"metadata":{"emulator":{"name":"functions"},"message":"[functions] Runtime ready! Sending request!"}}
[debug] [2022-03-19T20:20:19.590Z] [functions] Got req.url=/challenge-bdc8f/us-central1/api/payments/create?total=0, mapping to path=/payments/create?total=0 {"metadata":{"emulator":{"name":"functions"},"message":"[functions] Got req.url=/challenge-bdc8f/us-central1/api/payments/create?total=0, mapping to path=/payments/create?total=0"}}
[debug] [2022-03-19T20:20:19.593Z] [runtime-status] [12397] Ephemeral server handling POST request {"metadata":{"emulator":{"name":"functions"},"function":{"name":"us-central1-api"},"extension":{},"message":"[runtime-status] [12397] Ephemeral server handling POST request"}}
[info] >  payment Request Recived BOOM!! for this amount >>>>  0 {"user":"payment Request Recived BOOM!! for this amount >>>>  0","metadata":{"emulator":{"name":"functions"},"function":{"name":"us-central1-api"},"extension":{},"message":"\u001b[90m> \u001b[39m payment Request Recived BOOM!! for this amount >>>>  0"}}
[debug] [2022-03-19T20:20:19.599Z] [runtime-status] [12397] Ephemeral server survived. {"metadata":{"emulator":{"name":"functions"},"function":{"name":"us-central1-api"},"extension":{},"message":"[runtime-status] [12397] Ephemeral server survived."}}
[info] >  /home/mohamed/Portail/Amazon-Clone/functions/node_modules/stripe/lib/Error.js:40 {"user":"/home/mohamed/Portail/Amazon-Clone/functions/node_modules/stripe/lib/Error.js:40","metadata":{"emulator":{"name":"functions"},"function":{"name":"us-central1-api"},"extension":{},"message":"\u001b[90m> \u001b[39m /home/mohamed/Portail/Amazon-Clone/functions/node_modules/stripe/lib/Error.js:40"}}
[info] >          return new StripeInvalidRequestError(rawStripeError); {"user":"        return new StripeInvalidRequestError(rawStripeError);","metadata":{"emulator":{"name":"functions"},"function":{"name":"us-central1-api"},"extension":{},"message":"\u001b[90m> \u001b[39m         return new StripeInvalidRequestError(rawStripeError);"}}
[info] >                 ^ {"user":"               ^","metadata":{"emulator":{"name":"functions"},"function":{"name":"us-central1-api"},"extension":{},"message":"\u001b[90m> \u001b[39m                ^"}}
[info] >   {"user":"","metadata":{"emulator":{"name":"functions"},"function":{"name":"us-central1-api"},"extension":{},"message":"\u001b[90m> \u001b[39m "}}
[info] >  StripeInvalidRequestError: This value must be greater than or equal to 1. {"user":"StripeInvalidRequestError: This value must be greater than or equal to 1.","metadata":{"emulator":{"name":"functions"},"function":{"name":"us-central1-api"},"extension":{},"message":"\u001b[90m> \u001b[39m StripeInvalidRequestError: This value must be greater than or equal to 1."}}
[info] >      at Function.generate (/home/mohamed/Portail/Amazon-Clone/functions/node_modules/stripe/lib/Error.js:40:16) {"user":"    at Function.generate (/home/mohamed/Portail/Amazon-Clone/functions/node_modules/stripe/lib/Error.js:40:16)","metadata":{"emulator":{"name":"functions"},"function":{"name":"us-central1-api"},"extension":{},"message":"\u001b[90m> \u001b[39m     at Function.generate (/home/mohamed/Portail/Amazon-Clone/functions/node_modules/stripe/lib/Error.js:40:16)"}}
[info] >      at res.toJSON.then.StripeAPIError.message (/home/mohamed/Portail/Amazon-Clone/functions/node_modules/stripe/lib/StripeResource.js:220:35) {"user":"    at res.toJSON.then.StripeAPIError.message (/home/mohamed/Portail/Amazon-Clone/functions/node_modules/stripe/lib/StripeResource.js:220:35)","metadata":{"emulator":{"name":"functions"},"function":{"name":"us-central1-api"},"extension":{},"message":"\u001b[90m> \u001b[39m     at res.toJSON.then.StripeAPIError.message (/home/mohamed/Portail/Amazon-Clone/functions/node_modules/stripe/lib/StripeResource.js:220:35)"}}
[info] >      at processTicksAndRejections (node:internal/process/task_queues:96:5) { {"user":"    at processTicksAndRejections (node:internal/process/task_queues:96:5) {","metadata":{"emulator":{"name":"functions"},"function":{"name":"us-central1-api"},"extension":{},"message":"\u001b[90m> \u001b[39m     at processTicksAndRejections (node:internal/process/task_queues:96:5) {"}}
[info] >    type: 'StripeInvalidRequestError', {"user":"  type: 'StripeInvalidRequestError',","metadata":{"emulator":{"name":"functions"},"function":{"name":"us-central1-api"},"extension":{},"message":"\u001b[90m> \u001b[39m   type: 'StripeInvalidRequestError',"}}
[info] >    raw: { {"user":"  raw: {","metadata":{"emulator":{"name":"functions"},"function":{"name":"us-central1-api"},"extension":{},"message":"\u001b[90m> \u001b[39m   raw: {"}}
[info] >      code: 'parameter_invalid_integer', {"user":"    code: 'parameter_invalid_integer',","metadata":{"emulator":{"name":"functions"},"function":{"name":"us-central1-api"},"extension":{},"message":"\u001b[90m> \u001b[39m     code: 'parameter_invalid_integer',"}}
[info] >      doc_url: 'https://stripe.com/docs/error-codes/parameter-invalid-integer', {"user":"    doc_url: 'https://stripe.com/docs/error-codes/parameter-invalid-integer',","metadata":{"emulator":{"name":"functions"},"function":{"name":"us-central1-api"},"extension":{},"message":"\u001b[90m> \u001b[39m     doc_url: 'https://stripe.com/docs/error-codes/parameter-invalid-integer',"}}
[info] >      message: 'This value must be greater than or equal to 1.', {"user":"    message: 'This value must be greater than or equal to 1.',","metadata":{"emulator":{"name":"functions"},"function":{"name":"us-central1-api"},"extension":{},"message":"\u001b[90m> \u001b[39m     message: 'This value must be greater than or equal to 1.',"}}
[info] >      param: 'amount', {"user":"    param: 'amount',","metadata":{"emulator":{"name":"functions"},"function":{"name":"us-central1-api"},"extension":{},"message":"\u001b[90m> \u001b[39m     param: 'amount',"}}
[info] >      type: 'invalid_request_error', {"user":"    type: 'invalid_request_error',","metadata":{"emulator":{"name":"functions"},"function":{"name":"us-central1-api"},"extension":{},"message":"\u001b[90m> \u001b[39m     type: 'invalid_request_error',"}}
[info] >      headers: { {"user":"    headers: {","metadata":{"emulator":{"name":"functions"},"function":{"name":"us-central1-api"},"extension":{},"message":"\u001b[90m> \u001b[39m     headers: {"}}
[info] >        server: 'nginx', {"user":"      server: 'nginx',","metadata":{"emulator":{"name":"functions"},"function":{"name":"us-central1-api"},"extension":{},"message":"\u001b[90m> \u001b[39m       server: 'nginx',"}}
[info] >        date: 'Sat, 19 Mar 2022 20:20:20 GMT', {"user":"      date: 'Sat, 19 Mar 2022 20:20:20 GMT',","metadata":{"emulator":{"name":"functions"},"function":{"name":"us-central1-api"},"extension":{},"message":"\u001b[90m> \u001b[39m       date: 'Sat, 19 Mar 2022 20:20:20 GMT',"}}
[info] >        'content-type': 'application/json', {"user":"      'content-type': 'application/json',","metadata":{"emulator":{"name":"functions"},"function":{"name":"us-central1-api"},"extension":{},"message":"\u001b[90m> \u001b[39m       'content-type': 'application/json',"}}
[info] >        'content-length': '266', {"user":"      'content-length': '266',","metadata":{"emulator":{"name":"functions"},"function":{"name":"us-central1-api"},"extension":{},"message":"\u001b[90m> \u001b[39m       'content-length': '266',"}}
[info] >        connection: 'keep-alive', {"user":"      connection: 'keep-alive',","metadata":{"emulator":{"name":"functions"},"function":{"name":"us-central1-api"},"extension":{},"message":"\u001b[90m> \u001b[39m       connection: 'keep-alive',"}}
[info] >        'access-control-allow-credentials': 'true', {"user":"      'access-control-allow-credentials': 'true',","metadata":{"emulator":{"name":"functions"},"function":{"name":"us-central1-api"},"extension":{},"message":"\u001b[90m> \u001b[39m       'access-control-allow-credentials': 'true',"}}
[info] >        'access-control-allow-methods': 'GET, POST, HEAD, OPTIONS, DELETE', {"user":"      'access-control-allow-methods': 'GET, POST, HEAD, OPTIONS, DELETE',","metadata":{"emulator":{"name":"functions"},"function":{"name":"us-central1-api"},"extension":{},"message":"\u001b[90m> \u001b[39m       'access-control-allow-methods': 'GET, POST, HEAD, OPTIONS, DELETE',"}}
[info] >        'access-control-allow-origin': '*', {"user":"      'access-control-allow-origin': '*',","metadata":{"emulator":{"name":"functions"},"function":{"name":"us-central1-api"},"extension":{},"message":"\u001b[90m> \u001b[39m       'access-control-allow-origin': '*',"}}
[info] >        'access-control-expose-headers': 'Request-Id, Stripe-Manage-Version, X-Stripe-External-Auth-Required, X-Stripe-Privileged-Session-Required', {"user":"      'access-control-expose-headers': 'Request-Id, Stripe-Manage-Version, X-Stripe-External-Auth-Required, X-Stripe-Privileged-Session-Required',","metadata":{"emulator":{"name":"functions"},"function":{"name":"us-central1-api"},"extension":{},"message":"\u001b[90m> \u001b[39m       'access-control-expose-headers': 'Request-Id, Stripe-Manage-Version, X-Stripe-External-Auth-Required, X-Stripe-Privileged-Session-Required',"}}
[info] >        'access-control-max-age': '300', {"user":"      'access-control-max-age': '300',","metadata":{"emulator":{"name":"functions"},"function":{"name":"us-central1-api"},"extension":{},"message":"\u001b[90m> \u001b[39m       'access-control-max-age': '300',"}}
[info] >        'cache-control': 'no-cache, no-store', {"user":"      'cache-control': 'no-cache, no-store',","metadata":{"emulator":{"name":"functions"},"function":{"name":"us-central1-api"},"extension":{},"message":"\u001b[90m> \u001b[39m       'cache-control': 'no-cache, no-store',"}}
[info] >        'idempotency-key': 'd77e4c62-ab0f-4975-abf0-0c405fc2f9b7', {"user":"      'idempotency-key': 'd77e4c62-ab0f-4975-abf0-0c405fc2f9b7',","metadata":{"emulator":{"name":"functions"},"function":{"name":"us-central1-api"},"extension":{},"message":"\u001b[90m> \u001b[39m       'idempotency-key': 'd77e4c62-ab0f-4975-abf0-0c405fc2f9b7',"}}
[info] >        'original-request': 'req_ozmGnbBN27mKx6', {"user":"      'original-request': 'req_ozmGnbBN27mKx6',","metadata":{"emulator":{"name":"functions"},"function":{"name":"us-central1-api"},"extension":{},"message":"\u001b[90m> \u001b[39m       'original-request': 'req_ozmGnbBN27mKx6',"}}
[info] >        'request-id': 'req_ozmGnbBN27mKx6', {"user":"      'request-id': 'req_ozmGnbBN27mKx6',","metadata":{"emulator":{"name":"functions"},"function":{"name":"us-central1-api"},"extension":{},"message":"\u001b[90m> \u001b[39m       'request-id': 'req_ozmGnbBN27mKx6',"}}
[info] >        'stripe-version': '2020-08-27', {"user":"      'stripe-version': '2020-08-27',","metadata":{"emulator":{"name":"functions"},"function":{"name":"us-central1-api"},"extension":{},"message":"\u001b[90m> \u001b[39m       'stripe-version': '2020-08-27',"}}
[info] >        'strict-transport-security': 'max-age=31556926; includeSubDomains; preload' {"user":"      'strict-transport-security': 'max-age=31556926; includeSubDomains; preload'","metadata":{"emulator":{"name":"functions"},"function":{"name":"us-central1-api"},"extension":{},"message":"\u001b[90m> \u001b[39m       'strict-transport-security': 'max-age=31556926; includeSubDomains; preload'"}}
[info] >      }, {"user":"    },","metadata":{"emulator":{"name":"functions"},"function":{"name":"us-central1-api"},"extension":{},"message":"\u001b[90m> \u001b[39m     },"}}
[info] >      statusCode: 400, {"user":"    statusCode: 400,","metadata":{"emulator":{"name":"functions"},"function":{"name":"us-central1-api"},"extension":{},"message":"\u001b[90m> \u001b[39m     statusCode: 400,"}}
[info] >      requestId: 'req_ozmGnbBN27mKx6' {"user":"    requestId: 'req_ozmGnbBN27mKx6'","metadata":{"emulator":{"name":"functions"},"function":{"name":"us-central1-api"},"extension":{},"message":"\u001b[90m> \u001b[39m     requestId: 'req_ozmGnbBN27mKx6'"}}
[info] >    }, {"user":"  },","metadata":{"emulator":{"name":"functions"},"function":{"name":"us-central1-api"},"extension":{},"message":"\u001b[90m> \u001b[39m   },"}}
[info] >    rawType: 'invalid_request_error', {"user":"  rawType: 'invalid_request_error',","metadata":{"emulator":{"name":"functions"},"function":{"name":"us-central1-api"},"extension":{},"message":"\u001b[90m> \u001b[39m   rawType: 'invalid_request_error',"}}
[info] >    code: 'parameter_invalid_integer', {"user":"  code: 'parameter_invalid_integer',","metadata":{"emulator":{"name":"functions"},"function":{"name":"us-central1-api"},"extension":{},"message":"\u001b[90m> \u001b[39m   code: 'parameter_invalid_integer',"}}
[info] >    doc_url: 'https://stripe.com/docs/error-codes/parameter-invalid-integer', {"user":"  doc_url: 'https://stripe.com/docs/error-codes/parameter-invalid-integer',","metadata":{"emulator":{"name":"functions"},"function":{"name":"us-central1-api"},"extension":{},"message":"\u001b[90m> \u001b[39m   doc_url: 'https://stripe.com/docs/error-codes/parameter-invalid-integer',"}}
[info] >    param: 'amount', {"user":"  param: 'amount',","metadata":{"emulator":{"name":"functions"},"function":{"name":"us-central1-api"},"extension":{},"message":"\u001b[90m> \u001b[39m   param: 'amount',"}}
[info] >    detail: undefined, {"user":"  detail: undefined,","metadata":{"emulator":{"name":"functions"},"function":{"name":"us-central1-api"},"extension":{},"message":"\u001b[90m> \u001b[39m   detail: undefined,"}}
[info] >    headers: { {"user":"  headers: {","metadata":{"emulator":{"name":"functions"},"function":{"name":"us-central1-api"},"extension":{},"message":"\u001b[90m> \u001b[39m   headers: {"}}
[info] >      server: 'nginx', {"user":"    server: 'nginx',","metadata":{"emulator":{"name":"functions"},"function":{"name":"us-central1-api"},"extension":{},"message":"\u001b[90m> \u001b[39m     server: 'nginx',"}}
[info] >      date: 'Sat, 19 Mar 2022 20:20:20 GMT', {"user":"    date: 'Sat, 19 Mar 2022 20:20:20 GMT',","metadata":{"emulator":{"name":"functions"},"function":{"name":"us-central1-api"},"extension":{},"message":"\u001b[90m> \u001b[39m     date: 'Sat, 19 Mar 2022 20:20:20 GMT',"}}
[info] >      'content-type': 'application/json', {"user":"    'content-type': 'application/json',","metadata":{"emulator":{"name":"functions"},"function":{"name":"us-central1-api"},"extension":{},"message":"\u001b[90m> \u001b[39m     'content-type': 'application/json',"}}
[info] >      'content-length': '266', {"user":"    'content-length': '266',","metadata":{"emulator":{"name":"functions"},"function":{"name":"us-central1-api"},"extension":{},"message":"\u001b[90m> \u001b[39m     'content-length': '266',"}}
[info] >      connection: 'keep-alive', {"user":"    connection: 'keep-alive',","metadata":{"emulator":{"name":"functions"},"function":{"name":"us-central1-api"},"extension":{},"message":"\u001b[90m> \u001b[39m     connection: 'keep-alive',"}}
[info] >      'access-control-allow-credentials': 'true', {"user":"    'access-control-allow-credentials': 'true',","metadata":{"emulator":{"name":"functions"},"function":{"name":"us-central1-api"},"extension":{},"message":"\u001b[90m> \u001b[39m     'access-control-allow-credentials': 'true',"}}
[info] >      'access-control-allow-methods': 'GET, POST, HEAD, OPTIONS, DELETE', {"user":"    'access-control-allow-methods': 'GET, POST, HEAD, OPTIONS, DELETE',","metadata":{"emulator":{"name":"functions"},"function":{"name":"us-central1-api"},"extension":{},"message":"\u001b[90m> \u001b[39m     'access-control-allow-methods': 'GET, POST, HEAD, OPTIONS, DELETE',"}}
[info] >      'access-control-allow-origin': '*', {"user":"    'access-control-allow-origin': '*',","metadata":{"emulator":{"name":"functions"},"function":{"name":"us-central1-api"},"extension":{},"message":"\u001b[90m> \u001b[39m     'access-control-allow-origin': '*',"}}
[info] >      'access-control-expose-headers': 'Request-Id, Stripe-Manage-Version, X-Stripe-External-Auth-Required, X-Stripe-Privileged-Session-Required', {"user":"    'access-control-expose-headers': 'Request-Id, Stripe-Manage-Version, X-Stripe-External-Auth-Required, X-Stripe-Privileged-Session-Required',","metadata":{"emulator":{"name":"functions"},"function":{"name":"us-central1-api"},"extension":{},"message":"\u001b[90m> \u001b[39m     'access-control-expose-headers': 'Request-Id, Stripe-Manage-Version, X-Stripe-External-Auth-Required, X-Stripe-Privileged-Session-Required',"}}
[info] >      'access-control-max-age': '300', {"user":"    'access-control-max-age': '300',","metadata":{"emulator":{"name":"functions"},"function":{"name":"us-central1-api"},"extension":{},"message":"\u001b[90m> \u001b[39m     'access-control-max-age': '300',"}}
[info] >      'cache-control': 'no-cache, no-store', {"user":"    'cache-control': 'no-cache, no-store',","metadata":{"emulator":{"name":"functions"},"function":{"name":"us-central1-api"},"extension":{},"message":"\u001b[90m> \u001b[39m     'cache-control': 'no-cache, no-store',"}}
[info] >      'idempotency-key': 'd77e4c62-ab0f-4975-abf0-0c405fc2f9b7', {"user":"    'idempotency-key': 'd77e4c62-ab0f-4975-abf0-0c405fc2f9b7',","metadata":{"emulator":{"name":"functions"},"function":{"name":"us-central1-api"},"extension":{},"message":"\u001b[90m> \u001b[39m     'idempotency-key': 'd77e4c62-ab0f-4975-abf0-0c405fc2f9b7',"}}
[info] >      'original-request': 'req_ozmGnbBN27mKx6', {"user":"    'original-request': 'req_ozmGnbBN27mKx6',","metadata":{"emulator":{"name":"functions"},"function":{"name":"us-central1-api"},"extension":{},"message":"\u001b[90m> \u001b[39m     'original-request': 'req_ozmGnbBN27mKx6',"}}
[info] >      'request-id': 'req_ozmGnbBN27mKx6', {"user":"    'request-id': 'req_ozmGnbBN27mKx6',","metadata":{"emulator":{"name":"functions"},"function":{"name":"us-central1-api"},"extension":{},"message":"\u001b[90m> \u001b[39m     'request-id': 'req_ozmGnbBN27mKx6',"}}
[info] >      'stripe-version': '2020-08-27', {"user":"    'stripe-version': '2020-08-27',","metadata":{"emulator":{"name":"functions"},"function":{"name":"us-central1-api"},"extension":{},"message":"\u001b[90m> \u001b[39m     'stripe-version': '2020-08-27',"}}
[info] >      'strict-transport-security': 'max-age=31556926; includeSubDomains; preload' {"user":"    'strict-transport-security': 'max-age=31556926; includeSubDomains; preload'","metadata":{"emulator":{"name":"functions"},"function":{"name":"us-central1-api"},"extension":{},"message":"\u001b[90m> \u001b[39m     'strict-transport-security': 'max-age=31556926; includeSubDomains; preload'"}}
[info] >    }, {"user":"  },","metadata":{"emulator":{"name":"functions"},"function":{"name":"us-central1-api"},"extension":{},"message":"\u001b[90m> \u001b[39m   },"}}
[info] >    requestId: 'req_ozmGnbBN27mKx6', {"user":"  requestId: 'req_ozmGnbBN27mKx6',","metadata":{"emulator":{"name":"functions"},"function":{"name":"us-central1-api"},"extension":{},"message":"\u001b[90m> \u001b[39m   requestId: 'req_ozmGnbBN27mKx6',"}}
[info] >    statusCode: 400, {"user":"  statusCode: 400,","metadata":{"emulator":{"name":"functions"},"function":{"name":"us-central1-api"},"extension":{},"message":"\u001b[90m> \u001b[39m   statusCode: 400,"}}
[info] >    charge: undefined, {"user":"  charge: undefined,","metadata":{"emulator":{"name":"functions"},"function":{"name":"us-central1-api"},"extension":{},"message":"\u001b[90m> \u001b[39m   charge: undefined,"}}
[info] >    decline_code: undefined, {"user":"  decline_code: undefined,","metadata":{"emulator":{"name":"functions"},"function":{"name":"us-central1-api"},"extension":{},"message":"\u001b[90m> \u001b[39m   decline_code: undefined,"}}
[info] >    payment_intent: undefined, {"user":"  payment_intent: undefined,","metadata":{"emulator":{"name":"functions"},"function":{"name":"us-central1-api"},"extension":{},"message":"\u001b[90m> \u001b[39m   payment_intent: undefined,"}}
[info] >    payment_method: undefined, {"user":"  payment_method: undefined,","metadata":{"emulator":{"name":"functions"},"function":{"name":"us-central1-api"},"extension":{},"message":"\u001b[90m> \u001b[39m   payment_method: undefined,"}}
[info] >    payment_method_type: undefined, {"user":"  payment_method_type: undefined,","metadata":{"emulator":{"name":"functions"},"function":{"name":"us-central1-api"},"extension":{},"message":"\u001b[90m> \u001b[39m   payment_method_type: undefined,"}}
[info] >    setup_intent: undefined, {"user":"  setup_intent: undefined,","metadata":{"emulator":{"name":"functions"},"function":{"name":"us-central1-api"},"extension":{},"message":"\u001b[90m> \u001b[39m   setup_intent: undefined,"}}
[info] >    source: undefined {"user":"  source: undefined","metadata":{"emulator":{"name":"functions"},"function":{"name":"us-central1-api"},"extension":{},"message":"\u001b[90m> \u001b[39m   source: undefined"}}
[info] >  } {"user":"}","metadata":{"emulator":{"name":"functions"},"function":{"name":"us-central1-api"},"extension":{},"message":"\u001b[90m> \u001b[39m }"}}
[info] >   {"user":"","metadata":{"emulator":{"name":"functions"},"function":{"name":"us-central1-api"},"extension":{},"message":"\u001b[90m> \u001b[39m "}}
[info] >  Node.js v17.6.0 {"user":"Node.js v17.6.0","metadata":{"emulator":{"name":"functions"},"function":{"name":"us-central1-api"},"extension":{},"message":"\u001b[90m> \u001b[39m Node.js v17.6.0"}}
[debug] [2022-03-19T20:20:20.176Z] [worker-us-central1-api-cf40f6a2-1355-4078-aff9-08ce45880028]: exited {"metadata":{"emulator":{"name":"functions"},"message":"[worker-us-central1-api-cf40f6a2-1355-4078-aff9-08ce45880028]: exited"}}
[debug] [2022-03-19T20:20:20.176Z] [worker-us-central1-api-cf40f6a2-1355-4078-aff9-08ce45880028]: FINISHED {"metadata":{"emulator":{"name":"functions"},"message":"[worker-us-central1-api-cf40f6a2-1355-4078-aff9-08ce45880028]: FINISHED"}}
[debug] [2022-03-19T20:20:20.176Z] [work-queue] {"queueLength":0,"workRunningCount":0}
